<?xml version="1.0" encoding="UTF-8"?>
<testsuite xmlns:xsi="http://www.w3.org/2001/XMLSchema-instance" xsi:noNamespaceSchemaLocation="https://maven.apache.org/surefire/maven-surefire-plugin/xsd/surefire-test-report.xsd" name="com.ulikme.scheduler.UtilTest" time="0.196" tests="1" errors="0" skipped="0" failures="0">
  <properties>
    <property name="sun.desktop" value="windows"/>
    <property name="awt.toolkit" value="sun.awt.windows.WToolkit"/>
    <property name="java.specification.version" value="11"/>
    <property name="sun.cpu.isalist" value="amd64"/>
    <property name="sun.jnu.encoding" value="Cp1254"/>
    <property name="java.class.path" value="C:\Users\LENOVO\Downloads\ulikeme\payqa-scaffolding-lib-parent\payqa-ulikme-job-scheduler\target\test-classes;C:\Users\LENOVO\Downloads\ulikeme\payqa-scaffolding-lib-parent\payqa-ulikme-job-scheduler\target\classes;C:\Users\LENOVO\.m2\repository\dev\payqa\scaffolding\payqa-scaffolding-lib-apicrud\1.5.0-SNAPSHOT\payqa-scaffolding-lib-apicrud-1.5.0-SNAPSHOT.jar;C:\Users\LENOVO\.m2\repository\org\springframework\boot\spring-boot-starter\2.4.2\spring-boot-starter-2.4.2.jar;C:\Users\LENOVO\.m2\repository\org\springframework\boot\spring-boot\2.4.2\spring-boot-2.4.2.jar;C:\Users\LENOVO\.m2\repository\org\springframework\boot\spring-boot-autoconfigure\2.4.2\spring-boot-autoconfigure-2.4.2.jar;C:\Users\LENOVO\.m2\repository\jakarta\annotation\jakarta.annotation-api\1.3.5\jakarta.annotation-api-1.3.5.jar;C:\Users\LENOVO\.m2\repository\org\yaml\snakeyaml\1.27\snakeyaml-1.27.jar;C:\Users\LENOVO\.m2\repository\org\springframework\boot\spring-boot-starter-log4j2\2.4.2\spring-boot-starter-log4j2-2.4.2.jar;C:\Users\LENOVO\.m2\repository\org\apache\logging\log4j\log4j-slf4j-impl\2.13.3\log4j-slf4j-impl-2.13.3.jar;C:\Users\LENOVO\.m2\repository\org\apache\logging\log4j\log4j-api\2.13.3\log4j-api-2.13.3.jar;C:\Users\LENOVO\.m2\repository\org\apache\logging\log4j\log4j-core\2.13.3\log4j-core-2.13.3.jar;C:\Users\LENOVO\.m2\repository\org\apache\logging\log4j\log4j-jul\2.13.3\log4j-jul-2.13.3.jar;C:\Users\LENOVO\.m2\repository\org\slf4j\jul-to-slf4j\1.7.30\jul-to-slf4j-1.7.30.jar;C:\Users\LENOVO\.m2\repository\software\amazon\awssdk\s3\2.16.29\s3-2.16.29.jar;C:\Users\LENOVO\.m2\repository\software\amazon\awssdk\aws-xml-protocol\2.16.29\aws-xml-protocol-2.16.29.jar;C:\Users\LENOVO\.m2\repository\software\amazon\awssdk\arns\2.16.29\arns-2.16.29.jar;C:\Users\LENOVO\.m2\repository\software\amazon\awssdk\profiles\2.16.29\profiles-2.16.29.jar;C:\Users\LENOVO\.m2\repository\com\fasterxml\jackson\module\jackson-module-kotlin\2.11.4\jackson-module-kotlin-2.11.4.jar;C:\Users\LENOVO\.m2\repository\com\fasterxml\jackson\core\jackson-annotations\2.11.4\jackson-annotations-2.11.4.jar;C:\Users\LENOVO\.m2\repository\org\springframework\boot\spring-boot-starter-mail\2.4.2\spring-boot-starter-mail-2.4.2.jar;C:\Users\LENOVO\.m2\repository\org\springframework\spring-context-support\5.3.3\spring-context-support-5.3.3.jar;C:\Users\LENOVO\.m2\repository\org\springframework\spring-beans\5.3.3\spring-beans-5.3.3.jar;C:\Users\LENOVO\.m2\repository\org\springframework\spring-context\5.3.3\spring-context-5.3.3.jar;C:\Users\LENOVO\.m2\repository\org\springframework\spring-aop\5.3.3\spring-aop-5.3.3.jar;C:\Users\LENOVO\.m2\repository\com\sun\mail\jakarta.mail\1.6.5\jakarta.mail-1.6.5.jar;C:\Users\LENOVO\.m2\repository\com\sun\activation\jakarta.activation\1.2.2\jakarta.activation-1.2.2.jar;C:\Users\LENOVO\.m2\repository\com\auth0\jwks-rsa\0.21.1\jwks-rsa-0.21.1.jar;C:\Users\LENOVO\.m2\repository\com\fasterxml\jackson\core\jackson-databind\2.11.4\jackson-databind-2.11.4.jar;C:\Users\LENOVO\.m2\repository\com\fasterxml\jackson\core\jackson-core\2.11.4\jackson-core-2.11.4.jar;C:\Users\LENOVO\.m2\repository\com\google\guava\guava\30.0-jre\guava-30.0-jre.jar;C:\Users\LENOVO\.m2\repository\com\google\guava\failureaccess\1.0.1\failureaccess-1.0.1.jar;C:\Users\LENOVO\.m2\repository\com\google\guava\listenablefuture\9999.0-empty-to-avoid-conflict-with-guava\listenablefuture-9999.0-empty-to-avoid-conflict-with-guava.jar;C:\Users\LENOVO\.m2\repository\com\google\code\findbugs\jsr305\3.0.2\jsr305-3.0.2.jar;C:\Users\LENOVO\.m2\repository\org\checkerframework\checker-qual\3.5.0\checker-qual-3.5.0.jar;C:\Users\LENOVO\.m2\repository\com\google\errorprone\error_prone_annotations\2.3.4\error_prone_annotations-2.3.4.jar;C:\Users\LENOVO\.m2\repository\com\google\j2objc\j2objc-annotations\1.3\j2objc-annotations-1.3.jar;C:\Users\LENOVO\.m2\repository\com\auth0\java-jwt\3.19.1\java-jwt-3.19.1.jar;C:\Users\LENOVO\.m2\repository\org\jetbrains\kotlin\kotlin-reflect\1.5.31\kotlin-reflect-1.5.31.jar;C:\Users\LENOVO\.m2\repository\org\jetbrains\kotlin\kotlin-stdlib\1.5.31\kotlin-stdlib-1.5.31.jar;C:\Users\LENOVO\.m2\repository\org\jetbrains\annotations\13.0\annotations-13.0.jar;C:\Users\LENOVO\.m2\repository\org\jetbrains\kotlin\kotlin-stdlib-common\1.5.31\kotlin-stdlib-common-1.5.31.jar;C:\Users\LENOVO\.m2\repository\org\jetbrains\kotlin\kotlin-stdlib-jdk8\1.5.31\kotlin-stdlib-jdk8-1.5.31.jar;C:\Users\LENOVO\.m2\repository\org\jetbrains\kotlin\kotlin-stdlib-jdk7\1.5.31\kotlin-stdlib-jdk7-1.5.31.jar;C:\Users\LENOVO\.m2\repository\org\springframework\boot\spring-boot-starter-data-mongodb\2.4.2\spring-boot-starter-data-mongodb-2.4.2.jar;C:\Users\LENOVO\.m2\repository\org\mongodb\mongodb-driver-sync\4.1.1\mongodb-driver-sync-4.1.1.jar;C:\Users\LENOVO\.m2\repository\org\mongodb\bson\4.1.1\bson-4.1.1.jar;C:\Users\LENOVO\.m2\repository\org\mongodb\mongodb-driver-core\4.1.1\mongodb-driver-core-4.1.1.jar;C:\Users\LENOVO\.m2\repository\org\springframework\data\spring-data-mongodb\3.1.3\spring-data-mongodb-3.1.3.jar;C:\Users\LENOVO\.m2\repository\org\springframework\spring-tx\5.3.3\spring-tx-5.3.3.jar;C:\Users\LENOVO\.m2\repository\org\springframework\spring-expression\5.3.3\spring-expression-5.3.3.jar;C:\Users\LENOVO\.m2\repository\org\springframework\data\spring-data-commons\2.4.3\spring-data-commons-2.4.3.jar;C:\Users\LENOVO\.m2\repository\org\slf4j\slf4j-api\1.7.30\slf4j-api-1.7.30.jar;C:\Users\LENOVO\.m2\repository\software\amazon\awssdk\sqs\2.16.68\sqs-2.16.68.jar;C:\Users\LENOVO\.m2\repository\software\amazon\awssdk\aws-query-protocol\2.16.29\aws-query-protocol-2.16.29.jar;C:\Users\LENOVO\.m2\repository\software\amazon\awssdk\protocol-core\2.16.29\protocol-core-2.16.29.jar;C:\Users\LENOVO\.m2\repository\software\amazon\awssdk\sdk-core\2.16.29\sdk-core-2.16.29.jar;C:\Users\LENOVO\.m2\repository\org\reactivestreams\reactive-streams\1.0.3\reactive-streams-1.0.3.jar;C:\Users\LENOVO\.m2\repository\software\amazon\awssdk\auth\2.16.29\auth-2.16.29.jar;C:\Users\LENOVO\.m2\repository\software\amazon\eventstream\eventstream\1.0.1\eventstream-1.0.1.jar;C:\Users\LENOVO\.m2\repository\software\amazon\awssdk\http-client-spi\2.16.29\http-client-spi-2.16.29.jar;C:\Users\LENOVO\.m2\repository\software\amazon\awssdk\regions\2.16.29\regions-2.16.29.jar;C:\Users\LENOVO\.m2\repository\software\amazon\awssdk\annotations\2.16.29\annotations-2.16.29.jar;C:\Users\LENOVO\.m2\repository\software\amazon\awssdk\utils\2.16.29\utils-2.16.29.jar;C:\Users\LENOVO\.m2\repository\software\amazon\awssdk\aws-core\2.16.29\aws-core-2.16.29.jar;C:\Users\LENOVO\.m2\repository\software\amazon\awssdk\metrics-spi\2.16.29\metrics-spi-2.16.29.jar;C:\Users\LENOVO\.m2\repository\software\amazon\awssdk\apache-client\2.16.29\apache-client-2.16.29.jar;C:\Users\LENOVO\.m2\repository\org\apache\httpcomponents\httpclient\4.5.13\httpclient-4.5.13.jar;C:\Users\LENOVO\.m2\repository\org\apache\httpcomponents\httpcore\4.4.14\httpcore-4.4.14.jar;C:\Users\LENOVO\.m2\repository\software\amazon\awssdk\netty-nio-client\2.16.29\netty-nio-client-2.16.29.jar;C:\Users\LENOVO\.m2\repository\io\netty\netty-codec-http\4.1.58.Final\netty-codec-http-4.1.58.Final.jar;C:\Users\LENOVO\.m2\repository\io\netty\netty-codec-http2\4.1.58.Final\netty-codec-http2-4.1.58.Final.jar;C:\Users\LENOVO\.m2\repository\io\netty\netty-codec\4.1.58.Final\netty-codec-4.1.58.Final.jar;C:\Users\LENOVO\.m2\repository\io\netty\netty-transport\4.1.58.Final\netty-transport-4.1.58.Final.jar;C:\Users\LENOVO\.m2\repository\io\netty\netty-resolver\4.1.58.Final\netty-resolver-4.1.58.Final.jar;C:\Users\LENOVO\.m2\repository\io\netty\netty-common\4.1.58.Final\netty-common-4.1.58.Final.jar;C:\Users\LENOVO\.m2\repository\io\netty\netty-buffer\4.1.58.Final\netty-buffer-4.1.58.Final.jar;C:\Users\LENOVO\.m2\repository\io\netty\netty-handler\4.1.58.Final\netty-handler-4.1.58.Final.jar;C:\Users\LENOVO\.m2\repository\io\netty\netty-transport-native-epoll\4.1.58.Final\netty-transport-native-epoll-4.1.58.Final-linux-x86_64.jar;C:\Users\LENOVO\.m2\repository\io\netty\netty-transport-native-unix-common\4.1.58.Final\netty-transport-native-unix-common-4.1.58.Final.jar;C:\Users\LENOVO\.m2\repository\com\typesafe\netty\netty-reactive-streams-http\2.0.4\netty-reactive-streams-http-2.0.4.jar;C:\Users\LENOVO\.m2\repository\com\typesafe\netty\netty-reactive-streams\2.0.4\netty-reactive-streams-2.0.4.jar;C:\Users\LENOVO\.m2\repository\io\reactivex\rxjava\1.3.8\rxjava-1.3.8.jar;C:\Users\LENOVO\.m2\repository\com\squareup\retrofit2\retrofit\2.6.1\retrofit-2.6.1.jar;C:\Users\LENOVO\.m2\repository\com\squareup\okhttp3\okhttp\3.12.2\okhttp-3.12.2.jar;C:\Users\LENOVO\.m2\repository\com\squareup\okio\okio\1.15.0\okio-1.15.0.jar;C:\Users\LENOVO\.m2\repository\com\squareup\retrofit2\converter-gson\2.6.1\converter-gson-2.6.1.jar;C:\Users\LENOVO\.m2\repository\com\google\code\gson\gson\2.8.6\gson-2.8.6.jar;C:\Users\LENOVO\.m2\repository\com\squareup\retrofit2\adapter-rxjava\2.9.0\adapter-rxjava-2.9.0.jar;C:\Users\LENOVO\.m2\repository\com\squareup\okhttp3\logging-interceptor\3.12.2\logging-interceptor-3.12.2.jar;C:\Users\LENOVO\.m2\repository\com\ulikme\payqa-ulikme-lib-utils\1.3.0-SNAPSHOT\payqa-ulikme-lib-utils-1.3.0-SNAPSHOT.jar;C:\Users\LENOVO\.m2\repository\org\springframework\boot\spring-boot-starter-web\2.4.2\spring-boot-starter-web-2.4.2.jar;C:\Users\LENOVO\.m2\repository\org\springframework\boot\spring-boot-starter-json\2.4.2\spring-boot-starter-json-2.4.2.jar;C:\Users\LENOVO\.m2\repository\com\fasterxml\jackson\datatype\jackson-datatype-jdk8\2.11.4\jackson-datatype-jdk8-2.11.4.jar;C:\Users\LENOVO\.m2\repository\com\fasterxml\jackson\module\jackson-module-parameter-names\2.11.4\jackson-module-parameter-names-2.11.4.jar;C:\Users\LENOVO\.m2\repository\org\springframework\boot\spring-boot-starter-tomcat\2.4.2\spring-boot-starter-tomcat-2.4.2.jar;C:\Users\LENOVO\.m2\repository\org\apache\tomcat\embed\tomcat-embed-core\9.0.41\tomcat-embed-core-9.0.41.jar;C:\Users\LENOVO\.m2\repository\org\glassfish\jakarta.el\3.0.3\jakarta.el-3.0.3.jar;C:\Users\LENOVO\.m2\repository\org\apache\tomcat\embed\tomcat-embed-websocket\9.0.41\tomcat-embed-websocket-9.0.41.jar;C:\Users\LENOVO\.m2\repository\org\springframework\spring-web\5.3.3\spring-web-5.3.3.jar;C:\Users\LENOVO\.m2\repository\org\springframework\spring-webmvc\5.3.3\spring-webmvc-5.3.3.jar;C:\Users\LENOVO\.m2\repository\com\ulikme\person\payqa-ulikme-ws-person-infrastructure\1.0.0-SNAPSHOT\payqa-ulikme-ws-person-infrastructure-1.0.0-SNAPSHOT.jar;C:\Users\LENOVO\.m2\repository\com\twilio\sdk\twilio\8.13.0\twilio-8.13.0.jar;C:\Users\LENOVO\.m2\repository\commons-io\commons-io\2.6\commons-io-2.6.jar;C:\Users\LENOVO\.m2\repository\io\jsonwebtoken\jjwt-api\0.11.2\jjwt-api-0.11.2.jar;C:\Users\LENOVO\.m2\repository\io\jsonwebtoken\jjwt-jackson\0.11.2\jjwt-jackson-0.11.2.jar;C:\Users\LENOVO\.m2\repository\io\jsonwebtoken\jjwt-impl\0.11.2\jjwt-impl-0.11.2.jar;C:\Users\LENOVO\.m2\repository\com\fasterxml\jackson\datatype\jackson-datatype-jsr310\2.11.4\jackson-datatype-jsr310-2.11.4.jar;C:\Users\LENOVO\.m2\repository\javax\xml\bind\jaxb-api\2.3.1\jaxb-api-2.3.1.jar;C:\Users\LENOVO\.m2\repository\javax\activation\javax.activation-api\1.2.0\javax.activation-api-1.2.0.jar;C:\Users\LENOVO\.m2\repository\com\google\firebase\firebase-admin\7.1.1\firebase-admin-7.1.1.jar;C:\Users\LENOVO\.m2\repository\com\google\api-client\google-api-client\1.30.10\google-api-client-1.30.10.jar;C:\Users\LENOVO\.m2\repository\com\google\oauth-client\google-oauth-client\1.31.0\google-oauth-client-1.31.0.jar;C:\Users\LENOVO\.m2\repository\com\google\http-client\google-http-client-jackson2\1.36.0\google-http-client-jackson2-1.36.0.jar;C:\Users\LENOVO\.m2\repository\com\google\api-client\google-api-client-gson\1.30.10\google-api-client-gson-1.30.10.jar;C:\Users\LENOVO\.m2\repository\com\google\http-client\google-http-client-gson\1.36.0\google-http-client-gson-1.36.0.jar;C:\Users\LENOVO\.m2\repository\com\google\http-client\google-http-client\1.35.0\google-http-client-1.35.0.jar;C:\Users\LENOVO\.m2\repository\io\opencensus\opencensus-api\0.24.0\opencensus-api-0.24.0.jar;C:\Users\LENOVO\.m2\repository\io\opencensus\opencensus-contrib-http-util\0.24.0\opencensus-contrib-http-util-0.24.0.jar;C:\Users\LENOVO\.m2\repository\com\google\api\api-common\1.9.2\api-common-1.9.2.jar;C:\Users\LENOVO\.m2\repository\javax\annotation\javax.annotation-api\1.3.2\javax.annotation-api-1.3.2.jar;C:\Users\LENOVO\.m2\repository\com\google\auto\value\auto-value-annotations\1.7.2\auto-value-annotations-1.7.2.jar;C:\Users\LENOVO\.m2\repository\com\google\auth\google-auth-library-oauth2-http\0.20.0\google-auth-library-oauth2-http-0.20.0.jar;C:\Users\LENOVO\.m2\repository\com\google\auth\google-auth-library-credentials\0.20.0\google-auth-library-credentials-0.20.0.jar;C:\Users\LENOVO\.m2\repository\com\google\cloud\google-cloud-storage\1.110.0\google-cloud-storage-1.110.0.jar;C:\Users\LENOVO\.m2\repository\org\checkerframework\checker-compat-qual\2.5.5\checker-compat-qual-2.5.5.jar;C:\Users\LENOVO\.m2\repository\com\google\apis\google-api-services-storage\v1-rev20200430-1.30.9\google-api-services-storage-v1-rev20200430-1.30.9.jar;C:\Users\LENOVO\.m2\repository\com\google\cloud\google-cloud-core\1.93.6\google-cloud-core-1.93.6.jar;C:\Users\LENOVO\.m2\repository\com\google\api\grpc\proto-google-common-protos\1.18.0\proto-google-common-protos-1.18.0.jar;C:\Users\LENOVO\.m2\repository\com\google\cloud\google-cloud-core-http\1.93.6\google-cloud-core-http-1.93.6.jar;C:\Users\LENOVO\.m2\repository\com\google\http-client\google-http-client-appengine\1.35.0\google-http-client-appengine-1.35.0.jar;C:\Users\LENOVO\.m2\repository\com\google\api\gax-httpjson\0.74.0\gax-httpjson-0.74.0.jar;C:\Users\LENOVO\.m2\repository\com\google\api\gax\1.57.0\gax-1.57.0.jar;C:\Users\LENOVO\.m2\repository\io\grpc\grpc-context\1.30.0\grpc-context-1.30.0.jar;C:\Users\LENOVO\.m2\repository\com\google\api\grpc\proto-google-iam-v1\0.13.0\proto-google-iam-v1-0.13.0.jar;C:\Users\LENOVO\.m2\repository\com\google\protobuf\protobuf-java\3.12.2\protobuf-java-3.12.2.jar;C:\Users\LENOVO\.m2\repository\com\google\protobuf\protobuf-java-util\3.12.2\protobuf-java-util-3.12.2.jar;C:\Users\LENOVO\.m2\repository\org\threeten\threetenbp\1.4.4\threetenbp-1.4.4.jar;C:\Users\LENOVO\.m2\repository\com\google\cloud\google-cloud-firestore\1.35.0\google-cloud-firestore-1.35.0.jar;C:\Users\LENOVO\.m2\repository\com\google\cloud\google-cloud-core-grpc\1.93.6\google-cloud-core-grpc-1.93.6.jar;C:\Users\LENOVO\.m2\repository\io\grpc\grpc-core\1.30.0\grpc-core-1.30.0.jar;C:\Users\LENOVO\.m2\repository\com\google\android\annotations\4.1.1.4\annotations-4.1.1.4.jar;C:\Users\LENOVO\.m2\repository\io\perfmark\perfmark-api\0.19.0\perfmark-api-0.19.0.jar;C:\Users\LENOVO\.m2\repository\commons-logging\commons-logging\1.2\commons-logging-1.2.jar;C:\Users\LENOVO\.m2\repository\com\google\api\grpc\proto-google-cloud-firestore-admin-v1\1.35.0\proto-google-cloud-firestore-admin-v1-1.35.0.jar;C:\Users\LENOVO\.m2\repository\com\google\api\grpc\proto-google-cloud-firestore-v1\1.35.0\proto-google-cloud-firestore-v1-1.35.0.jar;C:\Users\LENOVO\.m2\repository\com\google\api\grpc\proto-google-cloud-firestore-v1beta1\0.88.0\proto-google-cloud-firestore-v1beta1-0.88.0.jar;C:\Users\LENOVO\.m2\repository\io\opencensus\opencensus-contrib-grpc-util\0.24.0\opencensus-contrib-grpc-util-0.24.0.jar;C:\Users\LENOVO\.m2\repository\io\grpc\grpc-protobuf\1.30.0\grpc-protobuf-1.30.0.jar;C:\Users\LENOVO\.m2\repository\io\grpc\grpc-protobuf-lite\1.30.0\grpc-protobuf-lite-1.30.0.jar;C:\Users\LENOVO\.m2\repository\org\codehaus\mojo\animal-sniffer-annotations\1.18\animal-sniffer-annotations-1.18.jar;C:\Users\LENOVO\.m2\repository\io\grpc\grpc-api\1.30.0\grpc-api-1.30.0.jar;C:\Users\LENOVO\.m2\repository\com\google\api\gax-grpc\1.57.0\gax-grpc-1.57.0.jar;C:\Users\LENOVO\.m2\repository\io\grpc\grpc-auth\1.30.0\grpc-auth-1.30.0.jar;C:\Users\LENOVO\.m2\repository\io\grpc\grpc-netty-shaded\1.30.0\grpc-netty-shaded-1.30.0.jar;C:\Users\LENOVO\.m2\repository\io\grpc\grpc-alts\1.30.0\grpc-alts-1.30.0.jar;C:\Users\LENOVO\.m2\repository\io\grpc\grpc-grpclb\1.30.0\grpc-grpclb-1.30.0.jar;C:\Users\LENOVO\.m2\repository\org\apache\commons\commons-lang3\3.11\commons-lang3-3.11.jar;C:\Users\LENOVO\.m2\repository\org\conscrypt\conscrypt-openjdk-uber\2.2.1\conscrypt-openjdk-uber-2.2.1.jar;C:\Users\LENOVO\.m2\repository\io\grpc\grpc-stub\1.30.0\grpc-stub-1.30.0.jar;C:\Users\LENOVO\.m2\repository\com\ulikme\person\payqa-ulikme-ws-person-domain\1.0.0-SNAPSHOT\payqa-ulikme-ws-person-domain-1.0.0-SNAPSHOT.jar;C:\Users\LENOVO\.m2\repository\org\springframework\boot\spring-boot-starter-web-services\2.4.2\spring-boot-starter-web-services-2.4.2.jar;C:\Users\LENOVO\.m2\repository\com\sun\xml\messaging\saaj\saaj-impl\1.5.2\saaj-impl-1.5.2.jar;C:\Users\LENOVO\.m2\repository\jakarta\xml\soap\jakarta.xml.soap-api\1.4.2\jakarta.xml.soap-api-1.4.2.jar;C:\Users\LENOVO\.m2\repository\org\jvnet\staxex\stax-ex\1.8.3\stax-ex-1.8.3.jar;C:\Users\LENOVO\.m2\repository\jakarta\xml\ws\jakarta.xml.ws-api\2.3.3\jakarta.xml.ws-api-2.3.3.jar;C:\Users\LENOVO\.m2\repository\jakarta\jws\jakarta.jws-api\2.1.0\jakarta.jws-api-2.1.0.jar;C:\Users\LENOVO\.m2\repository\org\springframework\spring-oxm\5.3.3\spring-oxm-5.3.3.jar;C:\Users\LENOVO\.m2\repository\org\springframework\ws\spring-ws-core\3.0.10.RELEASE\spring-ws-core-3.0.10.RELEASE.jar;C:\Users\LENOVO\.m2\repository\org\springframework\ws\spring-xml\3.0.10.RELEASE\spring-xml-3.0.10.RELEASE.jar;C:\Users\LENOVO\.m2\repository\com\ulikme\country\payqa-ulikme-ws-country-domain\1.0.0-SNAPSHOT\payqa-ulikme-ws-country-domain-1.0.0-SNAPSHOT.jar;C:\Users\LENOVO\.m2\repository\com\ulikme\country\payqa-ulikme-ws-country-infrastructure\1.0.0-SNAPSHOT\payqa-ulikme-ws-country-infrastructure-1.0.0-SNAPSHOT.jar;C:\Users\LENOVO\.m2\repository\com\ulikme\interaction\payqa-ulikme-ws-interaction-infrastructure\1.0.0-SNAPSHOT\payqa-ulikme-ws-interaction-infrastructure-1.0.0-SNAPSHOT.jar;C:\Users\LENOVO\.m2\repository\com\ulikme\interaction\payqa-ulikme-ws-interaction-domain\1.0.0-SNAPSHOT\payqa-ulikme-ws-interaction-domain-1.0.0-SNAPSHOT.jar;C:\Users\LENOVO\.m2\repository\org\projectlombok\lombok\1.18.16\lombok-1.18.16.jar;C:\Users\LENOVO\.m2\repository\com\ulikme\chat\payqa-ulikme-ws-chat-domain\1.0.0-SNAPSHOT\payqa-ulikme-ws-chat-domain-1.0.0-SNAPSHOT.jar;C:\Users\LENOVO\.m2\repository\com\ulikme\establishment\payqa-ulikme-ws-establishment-domain\1.0.0-SNAPSHOT\payqa-ulikme-ws-establishment-domain-1.0.0-SNAPSHOT.jar;C:\Users\LENOVO\.m2\repository\com\ulikme\chat\payqa-ulikme-ws-chat-infrastructure\1.0.0-SNAPSHOT\payqa-ulikme-ws-chat-infrastructure-1.0.0-SNAPSHOT.jar;C:\Users\LENOVO\.m2\repository\com\ulikme\establishment\payqa-ulikme-ws-establishment-infrastructure\1.0.0-SNAPSHOT\payqa-ulikme-ws-establishment-infrastructure-1.0.0-SNAPSHOT.jar;C:\Users\LENOVO\.m2\repository\com\ulikme\meet\payqa-ulikme-ws-meet-infrastructure\1.0.0-SNAPSHOT\payqa-ulikme-ws-meet-infrastructure-1.0.0-SNAPSHOT.jar;C:\Users\LENOVO\.m2\repository\com\ulikme\meet\payqa-ulikme-ws-meet-domain\1.0.0-SNAPSHOT\payqa-ulikme-ws-meet-domain-1.0.0-SNAPSHOT.jar;C:\Users\LENOVO\.m2\repository\dev\payqa\scaffolding\payqa-scaffolding-lib-utils\1.1.19-SNAPSHOT\payqa-scaffolding-lib-utils-1.1.19-SNAPSHOT.jar;C:\Users\LENOVO\.m2\repository\commons-codec\commons-codec\1.15\commons-codec-1.15.jar;C:\Users\LENOVO\.m2\repository\org\springframework\boot\spring-boot-starter-test\2.4.2\spring-boot-starter-test-2.4.2.jar;C:\Users\LENOVO\.m2\repository\org\springframework\boot\spring-boot-test\2.4.2\spring-boot-test-2.4.2.jar;C:\Users\LENOVO\.m2\repository\org\springframework\boot\spring-boot-test-autoconfigure\2.4.2\spring-boot-test-autoconfigure-2.4.2.jar;C:\Users\LENOVO\.m2\repository\com\jayway\jsonpath\json-path\2.4.0\json-path-2.4.0.jar;C:\Users\LENOVO\.m2\repository\net\minidev\json-smart\2.3\json-smart-2.3.jar;C:\Users\LENOVO\.m2\repository\net\minidev\accessors-smart\1.2\accessors-smart-1.2.jar;C:\Users\LENOVO\.m2\repository\org\ow2\asm\asm\5.0.4\asm-5.0.4.jar;C:\Users\LENOVO\.m2\repository\jakarta\xml\bind\jakarta.xml.bind-api\2.3.3\jakarta.xml.bind-api-2.3.3.jar;C:\Users\LENOVO\.m2\repository\jakarta\activation\jakarta.activation-api\1.2.2\jakarta.activation-api-1.2.2.jar;C:\Users\LENOVO\.m2\repository\org\assertj\assertj-core\3.18.1\assertj-core-3.18.1.jar;C:\Users\LENOVO\.m2\repository\org\hamcrest\hamcrest\2.2\hamcrest-2.2.jar;C:\Users\LENOVO\.m2\repository\org\junit\jupiter\junit-jupiter\5.7.0\junit-jupiter-5.7.0.jar;C:\Users\LENOVO\.m2\repository\org\junit\jupiter\junit-jupiter-api\5.7.0\junit-jupiter-api-5.7.0.jar;C:\Users\LENOVO\.m2\repository\org\apiguardian\apiguardian-api\1.1.0\apiguardian-api-1.1.0.jar;C:\Users\LENOVO\.m2\repository\org\opentest4j\opentest4j\1.2.0\opentest4j-1.2.0.jar;C:\Users\LENOVO\.m2\repository\org\junit\platform\junit-platform-commons\1.7.0\junit-platform-commons-1.7.0.jar;C:\Users\LENOVO\.m2\repository\org\junit\jupiter\junit-jupiter-params\5.7.0\junit-jupiter-params-5.7.0.jar;C:\Users\LENOVO\.m2\repository\org\junit\jupiter\junit-jupiter-engine\5.7.0\junit-jupiter-engine-5.7.0.jar;C:\Users\LENOVO\.m2\repository\org\junit\platform\junit-platform-engine\1.7.0\junit-platform-engine-1.7.0.jar;C:\Users\LENOVO\.m2\repository\org\mockito\mockito-core\3.6.28\mockito-core-3.6.28.jar;C:\Users\LENOVO\.m2\repository\net\bytebuddy\byte-buddy\1.10.19\byte-buddy-1.10.19.jar;C:\Users\LENOVO\.m2\repository\net\bytebuddy\byte-buddy-agent\1.10.19\byte-buddy-agent-1.10.19.jar;C:\Users\LENOVO\.m2\repository\org\objenesis\objenesis\3.1\objenesis-3.1.jar;C:\Users\LENOVO\.m2\repository\org\mockito\mockito-junit-jupiter\3.6.28\mockito-junit-jupiter-3.6.28.jar;C:\Users\LENOVO\.m2\repository\org\skyscreamer\jsonassert\1.5.0\jsonassert-1.5.0.jar;C:\Users\LENOVO\.m2\repository\com\vaadin\external\google\android-json\0.0.20131108.vaadin1\android-json-0.0.20131108.vaadin1.jar;C:\Users\LENOVO\.m2\repository\org\springframework\spring-core\5.3.3\spring-core-5.3.3.jar;C:\Users\LENOVO\.m2\repository\org\springframework\spring-jcl\5.3.3\spring-jcl-5.3.3.jar;C:\Users\LENOVO\.m2\repository\org\springframework\spring-test\5.3.3\spring-test-5.3.3.jar;C:\Users\LENOVO\.m2\repository\org\xmlunit\xmlunit-core\2.7.0\xmlunit-core-2.7.0.jar;"/>
    <property name="java.vm.vendor" value="Eclipse Adoptium"/>
    <property name="sun.arch.data.model" value="64"/>
    <property name="user.variant" value=""/>
    <property name="java.vendor.url" value="https://adoptium.net/"/>
    <property name="user.timezone" value="Europe/Istanbul"/>
    <property name="java.vm.specification.version" value="11"/>
    <property name="os.name" value="Windows 10"/>
    <property name="sun.java.launcher" value="SUN_STANDARD"/>
    <property name="user.country" value="TR"/>
    <property name="sun.boot.library.path" value="C:\Program Files\Eclipse Adoptium\jdk-11.0.21.9-hotspot\bin"/>
    <property name="sun.java.command" value="C:\Users\LENOVO\AppData\Local\Temp\surefire17318990148635196595\surefirebooter5871144420252695066.jar C:\Users\LENOVO\AppData\Local\Temp\surefire17318990148635196595 2024-01-30T15-19-32_693-jvmRun1 surefire15197981565134195714tmp surefire_010195495214983457514tmp"/>
    <property name="jdk.debug" value="release"/>
    <property name="surefire.test.class.path" value="C:\Users\LENOVO\Downloads\ulikeme\payqa-scaffolding-lib-parent\payqa-ulikme-job-scheduler\target\test-classes;C:\Users\LENOVO\Downloads\ulikeme\payqa-scaffolding-lib-parent\payqa-ulikme-job-scheduler\target\classes;C:\Users\LENOVO\.m2\repository\dev\payqa\scaffolding\payqa-scaffolding-lib-apicrud\1.5.0-SNAPSHOT\payqa-scaffolding-lib-apicrud-1.5.0-SNAPSHOT.jar;C:\Users\LENOVO\.m2\repository\org\springframework\boot\spring-boot-starter\2.4.2\spring-boot-starter-2.4.2.jar;C:\Users\LENOVO\.m2\repository\org\springframework\boot\spring-boot\2.4.2\spring-boot-2.4.2.jar;C:\Users\LENOVO\.m2\repository\org\springframework\boot\spring-boot-autoconfigure\2.4.2\spring-boot-autoconfigure-2.4.2.jar;C:\Users\LENOVO\.m2\repository\jakarta\annotation\jakarta.annotation-api\1.3.5\jakarta.annotation-api-1.3.5.jar;C:\Users\LENOVO\.m2\repository\org\yaml\snakeyaml\1.27\snakeyaml-1.27.jar;C:\Users\LENOVO\.m2\repository\org\springframework\boot\spring-boot-starter-log4j2\2.4.2\spring-boot-starter-log4j2-2.4.2.jar;C:\Users\LENOVO\.m2\repository\org\apache\logging\log4j\log4j-slf4j-impl\2.13.3\log4j-slf4j-impl-2.13.3.jar;C:\Users\LENOVO\.m2\repository\org\apache\logging\log4j\log4j-api\2.13.3\log4j-api-2.13.3.jar;C:\Users\LENOVO\.m2\repository\org\apache\logging\log4j\log4j-core\2.13.3\log4j-core-2.13.3.jar;C:\Users\LENOVO\.m2\repository\org\apache\logging\log4j\log4j-jul\2.13.3\log4j-jul-2.13.3.jar;C:\Users\LENOVO\.m2\repository\org\slf4j\jul-to-slf4j\1.7.30\jul-to-slf4j-1.7.30.jar;C:\Users\LENOVO\.m2\repository\software\amazon\awssdk\s3\2.16.29\s3-2.16.29.jar;C:\Users\LENOVO\.m2\repository\software\amazon\awssdk\aws-xml-protocol\2.16.29\aws-xml-protocol-2.16.29.jar;C:\Users\LENOVO\.m2\repository\software\amazon\awssdk\arns\2.16.29\arns-2.16.29.jar;C:\Users\LENOVO\.m2\repository\software\amazon\awssdk\profiles\2.16.29\profiles-2.16.29.jar;C:\Users\LENOVO\.m2\repository\com\fasterxml\jackson\module\jackson-module-kotlin\2.11.4\jackson-module-kotlin-2.11.4.jar;C:\Users\LENOVO\.m2\repository\com\fasterxml\jackson\core\jackson-annotations\2.11.4\jackson-annotations-2.11.4.jar;C:\Users\LENOVO\.m2\repository\org\springframework\boot\spring-boot-starter-mail\2.4.2\spring-boot-starter-mail-2.4.2.jar;C:\Users\LENOVO\.m2\repository\org\springframework\spring-context-support\5.3.3\spring-context-support-5.3.3.jar;C:\Users\LENOVO\.m2\repository\org\springframework\spring-beans\5.3.3\spring-beans-5.3.3.jar;C:\Users\LENOVO\.m2\repository\org\springframework\spring-context\5.3.3\spring-context-5.3.3.jar;C:\Users\LENOVO\.m2\repository\org\springframework\spring-aop\5.3.3\spring-aop-5.3.3.jar;C:\Users\LENOVO\.m2\repository\com\sun\mail\jakarta.mail\1.6.5\jakarta.mail-1.6.5.jar;C:\Users\LENOVO\.m2\repository\com\sun\activation\jakarta.activation\1.2.2\jakarta.activation-1.2.2.jar;C:\Users\LENOVO\.m2\repository\com\auth0\jwks-rsa\0.21.1\jwks-rsa-0.21.1.jar;C:\Users\LENOVO\.m2\repository\com\fasterxml\jackson\core\jackson-databind\2.11.4\jackson-databind-2.11.4.jar;C:\Users\LENOVO\.m2\repository\com\fasterxml\jackson\core\jackson-core\2.11.4\jackson-core-2.11.4.jar;C:\Users\LENOVO\.m2\repository\com\google\guava\guava\30.0-jre\guava-30.0-jre.jar;C:\Users\LENOVO\.m2\repository\com\google\guava\failureaccess\1.0.1\failureaccess-1.0.1.jar;C:\Users\LENOVO\.m2\repository\com\google\guava\listenablefuture\9999.0-empty-to-avoid-conflict-with-guava\listenablefuture-9999.0-empty-to-avoid-conflict-with-guava.jar;C:\Users\LENOVO\.m2\repository\com\google\code\findbugs\jsr305\3.0.2\jsr305-3.0.2.jar;C:\Users\LENOVO\.m2\repository\org\checkerframework\checker-qual\3.5.0\checker-qual-3.5.0.jar;C:\Users\LENOVO\.m2\repository\com\google\errorprone\error_prone_annotations\2.3.4\error_prone_annotations-2.3.4.jar;C:\Users\LENOVO\.m2\repository\com\google\j2objc\j2objc-annotations\1.3\j2objc-annotations-1.3.jar;C:\Users\LENOVO\.m2\repository\com\auth0\java-jwt\3.19.1\java-jwt-3.19.1.jar;C:\Users\LENOVO\.m2\repository\org\jetbrains\kotlin\kotlin-reflect\1.5.31\kotlin-reflect-1.5.31.jar;C:\Users\LENOVO\.m2\repository\org\jetbrains\kotlin\kotlin-stdlib\1.5.31\kotlin-stdlib-1.5.31.jar;C:\Users\LENOVO\.m2\repository\org\jetbrains\annotations\13.0\annotations-13.0.jar;C:\Users\LENOVO\.m2\repository\org\jetbrains\kotlin\kotlin-stdlib-common\1.5.31\kotlin-stdlib-common-1.5.31.jar;C:\Users\LENOVO\.m2\repository\org\jetbrains\kotlin\kotlin-stdlib-jdk8\1.5.31\kotlin-stdlib-jdk8-1.5.31.jar;C:\Users\LENOVO\.m2\repository\org\jetbrains\kotlin\kotlin-stdlib-jdk7\1.5.31\kotlin-stdlib-jdk7-1.5.31.jar;C:\Users\LENOVO\.m2\repository\org\springframework\boot\spring-boot-starter-data-mongodb\2.4.2\spring-boot-starter-data-mongodb-2.4.2.jar;C:\Users\LENOVO\.m2\repository\org\mongodb\mongodb-driver-sync\4.1.1\mongodb-driver-sync-4.1.1.jar;C:\Users\LENOVO\.m2\repository\org\mongodb\bson\4.1.1\bson-4.1.1.jar;C:\Users\LENOVO\.m2\repository\org\mongodb\mongodb-driver-core\4.1.1\mongodb-driver-core-4.1.1.jar;C:\Users\LENOVO\.m2\repository\org\springframework\data\spring-data-mongodb\3.1.3\spring-data-mongodb-3.1.3.jar;C:\Users\LENOVO\.m2\repository\org\springframework\spring-tx\5.3.3\spring-tx-5.3.3.jar;C:\Users\LENOVO\.m2\repository\org\springframework\spring-expression\5.3.3\spring-expression-5.3.3.jar;C:\Users\LENOVO\.m2\repository\org\springframework\data\spring-data-commons\2.4.3\spring-data-commons-2.4.3.jar;C:\Users\LENOVO\.m2\repository\org\slf4j\slf4j-api\1.7.30\slf4j-api-1.7.30.jar;C:\Users\LENOVO\.m2\repository\software\amazon\awssdk\sqs\2.16.68\sqs-2.16.68.jar;C:\Users\LENOVO\.m2\repository\software\amazon\awssdk\aws-query-protocol\2.16.29\aws-query-protocol-2.16.29.jar;C:\Users\LENOVO\.m2\repository\software\amazon\awssdk\protocol-core\2.16.29\protocol-core-2.16.29.jar;C:\Users\LENOVO\.m2\repository\software\amazon\awssdk\sdk-core\2.16.29\sdk-core-2.16.29.jar;C:\Users\LENOVO\.m2\repository\org\reactivestreams\reactive-streams\1.0.3\reactive-streams-1.0.3.jar;C:\Users\LENOVO\.m2\repository\software\amazon\awssdk\auth\2.16.29\auth-2.16.29.jar;C:\Users\LENOVO\.m2\repository\software\amazon\eventstream\eventstream\1.0.1\eventstream-1.0.1.jar;C:\Users\LENOVO\.m2\repository\software\amazon\awssdk\http-client-spi\2.16.29\http-client-spi-2.16.29.jar;C:\Users\LENOVO\.m2\repository\software\amazon\awssdk\regions\2.16.29\regions-2.16.29.jar;C:\Users\LENOVO\.m2\repository\software\amazon\awssdk\annotations\2.16.29\annotations-2.16.29.jar;C:\Users\LENOVO\.m2\repository\software\amazon\awssdk\utils\2.16.29\utils-2.16.29.jar;C:\Users\LENOVO\.m2\repository\software\amazon\awssdk\aws-core\2.16.29\aws-core-2.16.29.jar;C:\Users\LENOVO\.m2\repository\software\amazon\awssdk\metrics-spi\2.16.29\metrics-spi-2.16.29.jar;C:\Users\LENOVO\.m2\repository\software\amazon\awssdk\apache-client\2.16.29\apache-client-2.16.29.jar;C:\Users\LENOVO\.m2\repository\org\apache\httpcomponents\httpclient\4.5.13\httpclient-4.5.13.jar;C:\Users\LENOVO\.m2\repository\org\apache\httpcomponents\httpcore\4.4.14\httpcore-4.4.14.jar;C:\Users\LENOVO\.m2\repository\software\amazon\awssdk\netty-nio-client\2.16.29\netty-nio-client-2.16.29.jar;C:\Users\LENOVO\.m2\repository\io\netty\netty-codec-http\4.1.58.Final\netty-codec-http-4.1.58.Final.jar;C:\Users\LENOVO\.m2\repository\io\netty\netty-codec-http2\4.1.58.Final\netty-codec-http2-4.1.58.Final.jar;C:\Users\LENOVO\.m2\repository\io\netty\netty-codec\4.1.58.Final\netty-codec-4.1.58.Final.jar;C:\Users\LENOVO\.m2\repository\io\netty\netty-transport\4.1.58.Final\netty-transport-4.1.58.Final.jar;C:\Users\LENOVO\.m2\repository\io\netty\netty-resolver\4.1.58.Final\netty-resolver-4.1.58.Final.jar;C:\Users\LENOVO\.m2\repository\io\netty\netty-common\4.1.58.Final\netty-common-4.1.58.Final.jar;C:\Users\LENOVO\.m2\repository\io\netty\netty-buffer\4.1.58.Final\netty-buffer-4.1.58.Final.jar;C:\Users\LENOVO\.m2\repository\io\netty\netty-handler\4.1.58.Final\netty-handler-4.1.58.Final.jar;C:\Users\LENOVO\.m2\repository\io\netty\netty-transport-native-epoll\4.1.58.Final\netty-transport-native-epoll-4.1.58.Final-linux-x86_64.jar;C:\Users\LENOVO\.m2\repository\io\netty\netty-transport-native-unix-common\4.1.58.Final\netty-transport-native-unix-common-4.1.58.Final.jar;C:\Users\LENOVO\.m2\repository\com\typesafe\netty\netty-reactive-streams-http\2.0.4\netty-reactive-streams-http-2.0.4.jar;C:\Users\LENOVO\.m2\repository\com\typesafe\netty\netty-reactive-streams\2.0.4\netty-reactive-streams-2.0.4.jar;C:\Users\LENOVO\.m2\repository\io\reactivex\rxjava\1.3.8\rxjava-1.3.8.jar;C:\Users\LENOVO\.m2\repository\com\squareup\retrofit2\retrofit\2.6.1\retrofit-2.6.1.jar;C:\Users\LENOVO\.m2\repository\com\squareup\okhttp3\okhttp\3.12.2\okhttp-3.12.2.jar;C:\Users\LENOVO\.m2\repository\com\squareup\okio\okio\1.15.0\okio-1.15.0.jar;C:\Users\LENOVO\.m2\repository\com\squareup\retrofit2\converter-gson\2.6.1\converter-gson-2.6.1.jar;C:\Users\LENOVO\.m2\repository\com\google\code\gson\gson\2.8.6\gson-2.8.6.jar;C:\Users\LENOVO\.m2\repository\com\squareup\retrofit2\adapter-rxjava\2.9.0\adapter-rxjava-2.9.0.jar;C:\Users\LENOVO\.m2\repository\com\squareup\okhttp3\logging-interceptor\3.12.2\logging-interceptor-3.12.2.jar;C:\Users\LENOVO\.m2\repository\com\ulikme\payqa-ulikme-lib-utils\1.3.0-SNAPSHOT\payqa-ulikme-lib-utils-1.3.0-SNAPSHOT.jar;C:\Users\LENOVO\.m2\repository\org\springframework\boot\spring-boot-starter-web\2.4.2\spring-boot-starter-web-2.4.2.jar;C:\Users\LENOVO\.m2\repository\org\springframework\boot\spring-boot-starter-json\2.4.2\spring-boot-starter-json-2.4.2.jar;C:\Users\LENOVO\.m2\repository\com\fasterxml\jackson\datatype\jackson-datatype-jdk8\2.11.4\jackson-datatype-jdk8-2.11.4.jar;C:\Users\LENOVO\.m2\repository\com\fasterxml\jackson\module\jackson-module-parameter-names\2.11.4\jackson-module-parameter-names-2.11.4.jar;C:\Users\LENOVO\.m2\repository\org\springframework\boot\spring-boot-starter-tomcat\2.4.2\spring-boot-starter-tomcat-2.4.2.jar;C:\Users\LENOVO\.m2\repository\org\apache\tomcat\embed\tomcat-embed-core\9.0.41\tomcat-embed-core-9.0.41.jar;C:\Users\LENOVO\.m2\repository\org\glassfish\jakarta.el\3.0.3\jakarta.el-3.0.3.jar;C:\Users\LENOVO\.m2\repository\org\apache\tomcat\embed\tomcat-embed-websocket\9.0.41\tomcat-embed-websocket-9.0.41.jar;C:\Users\LENOVO\.m2\repository\org\springframework\spring-web\5.3.3\spring-web-5.3.3.jar;C:\Users\LENOVO\.m2\repository\org\springframework\spring-webmvc\5.3.3\spring-webmvc-5.3.3.jar;C:\Users\LENOVO\.m2\repository\com\ulikme\person\payqa-ulikme-ws-person-infrastructure\1.0.0-SNAPSHOT\payqa-ulikme-ws-person-infrastructure-1.0.0-SNAPSHOT.jar;C:\Users\LENOVO\.m2\repository\com\twilio\sdk\twilio\8.13.0\twilio-8.13.0.jar;C:\Users\LENOVO\.m2\repository\commons-io\commons-io\2.6\commons-io-2.6.jar;C:\Users\LENOVO\.m2\repository\io\jsonwebtoken\jjwt-api\0.11.2\jjwt-api-0.11.2.jar;C:\Users\LENOVO\.m2\repository\io\jsonwebtoken\jjwt-jackson\0.11.2\jjwt-jackson-0.11.2.jar;C:\Users\LENOVO\.m2\repository\io\jsonwebtoken\jjwt-impl\0.11.2\jjwt-impl-0.11.2.jar;C:\Users\LENOVO\.m2\repository\com\fasterxml\jackson\datatype\jackson-datatype-jsr310\2.11.4\jackson-datatype-jsr310-2.11.4.jar;C:\Users\LENOVO\.m2\repository\javax\xml\bind\jaxb-api\2.3.1\jaxb-api-2.3.1.jar;C:\Users\LENOVO\.m2\repository\javax\activation\javax.activation-api\1.2.0\javax.activation-api-1.2.0.jar;C:\Users\LENOVO\.m2\repository\com\google\firebase\firebase-admin\7.1.1\firebase-admin-7.1.1.jar;C:\Users\LENOVO\.m2\repository\com\google\api-client\google-api-client\1.30.10\google-api-client-1.30.10.jar;C:\Users\LENOVO\.m2\repository\com\google\oauth-client\google-oauth-client\1.31.0\google-oauth-client-1.31.0.jar;C:\Users\LENOVO\.m2\repository\com\google\http-client\google-http-client-jackson2\1.36.0\google-http-client-jackson2-1.36.0.jar;C:\Users\LENOVO\.m2\repository\com\google\api-client\google-api-client-gson\1.30.10\google-api-client-gson-1.30.10.jar;C:\Users\LENOVO\.m2\repository\com\google\http-client\google-http-client-gson\1.36.0\google-http-client-gson-1.36.0.jar;C:\Users\LENOVO\.m2\repository\com\google\http-client\google-http-client\1.35.0\google-http-client-1.35.0.jar;C:\Users\LENOVO\.m2\repository\io\opencensus\opencensus-api\0.24.0\opencensus-api-0.24.0.jar;C:\Users\LENOVO\.m2\repository\io\opencensus\opencensus-contrib-http-util\0.24.0\opencensus-contrib-http-util-0.24.0.jar;C:\Users\LENOVO\.m2\repository\com\google\api\api-common\1.9.2\api-common-1.9.2.jar;C:\Users\LENOVO\.m2\repository\javax\annotation\javax.annotation-api\1.3.2\javax.annotation-api-1.3.2.jar;C:\Users\LENOVO\.m2\repository\com\google\auto\value\auto-value-annotations\1.7.2\auto-value-annotations-1.7.2.jar;C:\Users\LENOVO\.m2\repository\com\google\auth\google-auth-library-oauth2-http\0.20.0\google-auth-library-oauth2-http-0.20.0.jar;C:\Users\LENOVO\.m2\repository\com\google\auth\google-auth-library-credentials\0.20.0\google-auth-library-credentials-0.20.0.jar;C:\Users\LENOVO\.m2\repository\com\google\cloud\google-cloud-storage\1.110.0\google-cloud-storage-1.110.0.jar;C:\Users\LENOVO\.m2\repository\org\checkerframework\checker-compat-qual\2.5.5\checker-compat-qual-2.5.5.jar;C:\Users\LENOVO\.m2\repository\com\google\apis\google-api-services-storage\v1-rev20200430-1.30.9\google-api-services-storage-v1-rev20200430-1.30.9.jar;C:\Users\LENOVO\.m2\repository\com\google\cloud\google-cloud-core\1.93.6\google-cloud-core-1.93.6.jar;C:\Users\LENOVO\.m2\repository\com\google\api\grpc\proto-google-common-protos\1.18.0\proto-google-common-protos-1.18.0.jar;C:\Users\LENOVO\.m2\repository\com\google\cloud\google-cloud-core-http\1.93.6\google-cloud-core-http-1.93.6.jar;C:\Users\LENOVO\.m2\repository\com\google\http-client\google-http-client-appengine\1.35.0\google-http-client-appengine-1.35.0.jar;C:\Users\LENOVO\.m2\repository\com\google\api\gax-httpjson\0.74.0\gax-httpjson-0.74.0.jar;C:\Users\LENOVO\.m2\repository\com\google\api\gax\1.57.0\gax-1.57.0.jar;C:\Users\LENOVO\.m2\repository\io\grpc\grpc-context\1.30.0\grpc-context-1.30.0.jar;C:\Users\LENOVO\.m2\repository\com\google\api\grpc\proto-google-iam-v1\0.13.0\proto-google-iam-v1-0.13.0.jar;C:\Users\LENOVO\.m2\repository\com\google\protobuf\protobuf-java\3.12.2\protobuf-java-3.12.2.jar;C:\Users\LENOVO\.m2\repository\com\google\protobuf\protobuf-java-util\3.12.2\protobuf-java-util-3.12.2.jar;C:\Users\LENOVO\.m2\repository\org\threeten\threetenbp\1.4.4\threetenbp-1.4.4.jar;C:\Users\LENOVO\.m2\repository\com\google\cloud\google-cloud-firestore\1.35.0\google-cloud-firestore-1.35.0.jar;C:\Users\LENOVO\.m2\repository\com\google\cloud\google-cloud-core-grpc\1.93.6\google-cloud-core-grpc-1.93.6.jar;C:\Users\LENOVO\.m2\repository\io\grpc\grpc-core\1.30.0\grpc-core-1.30.0.jar;C:\Users\LENOVO\.m2\repository\com\google\android\annotations\4.1.1.4\annotations-4.1.1.4.jar;C:\Users\LENOVO\.m2\repository\io\perfmark\perfmark-api\0.19.0\perfmark-api-0.19.0.jar;C:\Users\LENOVO\.m2\repository\commons-logging\commons-logging\1.2\commons-logging-1.2.jar;C:\Users\LENOVO\.m2\repository\com\google\api\grpc\proto-google-cloud-firestore-admin-v1\1.35.0\proto-google-cloud-firestore-admin-v1-1.35.0.jar;C:\Users\LENOVO\.m2\repository\com\google\api\grpc\proto-google-cloud-firestore-v1\1.35.0\proto-google-cloud-firestore-v1-1.35.0.jar;C:\Users\LENOVO\.m2\repository\com\google\api\grpc\proto-google-cloud-firestore-v1beta1\0.88.0\proto-google-cloud-firestore-v1beta1-0.88.0.jar;C:\Users\LENOVO\.m2\repository\io\opencensus\opencensus-contrib-grpc-util\0.24.0\opencensus-contrib-grpc-util-0.24.0.jar;C:\Users\LENOVO\.m2\repository\io\grpc\grpc-protobuf\1.30.0\grpc-protobuf-1.30.0.jar;C:\Users\LENOVO\.m2\repository\io\grpc\grpc-protobuf-lite\1.30.0\grpc-protobuf-lite-1.30.0.jar;C:\Users\LENOVO\.m2\repository\org\codehaus\mojo\animal-sniffer-annotations\1.18\animal-sniffer-annotations-1.18.jar;C:\Users\LENOVO\.m2\repository\io\grpc\grpc-api\1.30.0\grpc-api-1.30.0.jar;C:\Users\LENOVO\.m2\repository\com\google\api\gax-grpc\1.57.0\gax-grpc-1.57.0.jar;C:\Users\LENOVO\.m2\repository\io\grpc\grpc-auth\1.30.0\grpc-auth-1.30.0.jar;C:\Users\LENOVO\.m2\repository\io\grpc\grpc-netty-shaded\1.30.0\grpc-netty-shaded-1.30.0.jar;C:\Users\LENOVO\.m2\repository\io\grpc\grpc-alts\1.30.0\grpc-alts-1.30.0.jar;C:\Users\LENOVO\.m2\repository\io\grpc\grpc-grpclb\1.30.0\grpc-grpclb-1.30.0.jar;C:\Users\LENOVO\.m2\repository\org\apache\commons\commons-lang3\3.11\commons-lang3-3.11.jar;C:\Users\LENOVO\.m2\repository\org\conscrypt\conscrypt-openjdk-uber\2.2.1\conscrypt-openjdk-uber-2.2.1.jar;C:\Users\LENOVO\.m2\repository\io\grpc\grpc-stub\1.30.0\grpc-stub-1.30.0.jar;C:\Users\LENOVO\.m2\repository\com\ulikme\person\payqa-ulikme-ws-person-domain\1.0.0-SNAPSHOT\payqa-ulikme-ws-person-domain-1.0.0-SNAPSHOT.jar;C:\Users\LENOVO\.m2\repository\org\springframework\boot\spring-boot-starter-web-services\2.4.2\spring-boot-starter-web-services-2.4.2.jar;C:\Users\LENOVO\.m2\repository\com\sun\xml\messaging\saaj\saaj-impl\1.5.2\saaj-impl-1.5.2.jar;C:\Users\LENOVO\.m2\repository\jakarta\xml\soap\jakarta.xml.soap-api\1.4.2\jakarta.xml.soap-api-1.4.2.jar;C:\Users\LENOVO\.m2\repository\org\jvnet\staxex\stax-ex\1.8.3\stax-ex-1.8.3.jar;C:\Users\LENOVO\.m2\repository\jakarta\xml\ws\jakarta.xml.ws-api\2.3.3\jakarta.xml.ws-api-2.3.3.jar;C:\Users\LENOVO\.m2\repository\jakarta\jws\jakarta.jws-api\2.1.0\jakarta.jws-api-2.1.0.jar;C:\Users\LENOVO\.m2\repository\org\springframework\spring-oxm\5.3.3\spring-oxm-5.3.3.jar;C:\Users\LENOVO\.m2\repository\org\springframework\ws\spring-ws-core\3.0.10.RELEASE\spring-ws-core-3.0.10.RELEASE.jar;C:\Users\LENOVO\.m2\repository\org\springframework\ws\spring-xml\3.0.10.RELEASE\spring-xml-3.0.10.RELEASE.jar;C:\Users\LENOVO\.m2\repository\com\ulikme\country\payqa-ulikme-ws-country-domain\1.0.0-SNAPSHOT\payqa-ulikme-ws-country-domain-1.0.0-SNAPSHOT.jar;C:\Users\LENOVO\.m2\repository\com\ulikme\country\payqa-ulikme-ws-country-infrastructure\1.0.0-SNAPSHOT\payqa-ulikme-ws-country-infrastructure-1.0.0-SNAPSHOT.jar;C:\Users\LENOVO\.m2\repository\com\ulikme\interaction\payqa-ulikme-ws-interaction-infrastructure\1.0.0-SNAPSHOT\payqa-ulikme-ws-interaction-infrastructure-1.0.0-SNAPSHOT.jar;C:\Users\LENOVO\.m2\repository\com\ulikme\interaction\payqa-ulikme-ws-interaction-domain\1.0.0-SNAPSHOT\payqa-ulikme-ws-interaction-domain-1.0.0-SNAPSHOT.jar;C:\Users\LENOVO\.m2\repository\org\projectlombok\lombok\1.18.16\lombok-1.18.16.jar;C:\Users\LENOVO\.m2\repository\com\ulikme\chat\payqa-ulikme-ws-chat-domain\1.0.0-SNAPSHOT\payqa-ulikme-ws-chat-domain-1.0.0-SNAPSHOT.jar;C:\Users\LENOVO\.m2\repository\com\ulikme\establishment\payqa-ulikme-ws-establishment-domain\1.0.0-SNAPSHOT\payqa-ulikme-ws-establishment-domain-1.0.0-SNAPSHOT.jar;C:\Users\LENOVO\.m2\repository\com\ulikme\chat\payqa-ulikme-ws-chat-infrastructure\1.0.0-SNAPSHOT\payqa-ulikme-ws-chat-infrastructure-1.0.0-SNAPSHOT.jar;C:\Users\LENOVO\.m2\repository\com\ulikme\establishment\payqa-ulikme-ws-establishment-infrastructure\1.0.0-SNAPSHOT\payqa-ulikme-ws-establishment-infrastructure-1.0.0-SNAPSHOT.jar;C:\Users\LENOVO\.m2\repository\com\ulikme\meet\payqa-ulikme-ws-meet-infrastructure\1.0.0-SNAPSHOT\payqa-ulikme-ws-meet-infrastructure-1.0.0-SNAPSHOT.jar;C:\Users\LENOVO\.m2\repository\com\ulikme\meet\payqa-ulikme-ws-meet-domain\1.0.0-SNAPSHOT\payqa-ulikme-ws-meet-domain-1.0.0-SNAPSHOT.jar;C:\Users\LENOVO\.m2\repository\dev\payqa\scaffolding\payqa-scaffolding-lib-utils\1.1.19-SNAPSHOT\payqa-scaffolding-lib-utils-1.1.19-SNAPSHOT.jar;C:\Users\LENOVO\.m2\repository\commons-codec\commons-codec\1.15\commons-codec-1.15.jar;C:\Users\LENOVO\.m2\repository\org\springframework\boot\spring-boot-starter-test\2.4.2\spring-boot-starter-test-2.4.2.jar;C:\Users\LENOVO\.m2\repository\org\springframework\boot\spring-boot-test\2.4.2\spring-boot-test-2.4.2.jar;C:\Users\LENOVO\.m2\repository\org\springframework\boot\spring-boot-test-autoconfigure\2.4.2\spring-boot-test-autoconfigure-2.4.2.jar;C:\Users\LENOVO\.m2\repository\com\jayway\jsonpath\json-path\2.4.0\json-path-2.4.0.jar;C:\Users\LENOVO\.m2\repository\net\minidev\json-smart\2.3\json-smart-2.3.jar;C:\Users\LENOVO\.m2\repository\net\minidev\accessors-smart\1.2\accessors-smart-1.2.jar;C:\Users\LENOVO\.m2\repository\org\ow2\asm\asm\5.0.4\asm-5.0.4.jar;C:\Users\LENOVO\.m2\repository\jakarta\xml\bind\jakarta.xml.bind-api\2.3.3\jakarta.xml.bind-api-2.3.3.jar;C:\Users\LENOVO\.m2\repository\jakarta\activation\jakarta.activation-api\1.2.2\jakarta.activation-api-1.2.2.jar;C:\Users\LENOVO\.m2\repository\org\assertj\assertj-core\3.18.1\assertj-core-3.18.1.jar;C:\Users\LENOVO\.m2\repository\org\hamcrest\hamcrest\2.2\hamcrest-2.2.jar;C:\Users\LENOVO\.m2\repository\org\junit\jupiter\junit-jupiter\5.7.0\junit-jupiter-5.7.0.jar;C:\Users\LENOVO\.m2\repository\org\junit\jupiter\junit-jupiter-api\5.7.0\junit-jupiter-api-5.7.0.jar;C:\Users\LENOVO\.m2\repository\org\apiguardian\apiguardian-api\1.1.0\apiguardian-api-1.1.0.jar;C:\Users\LENOVO\.m2\repository\org\opentest4j\opentest4j\1.2.0\opentest4j-1.2.0.jar;C:\Users\LENOVO\.m2\repository\org\junit\platform\junit-platform-commons\1.7.0\junit-platform-commons-1.7.0.jar;C:\Users\LENOVO\.m2\repository\org\junit\jupiter\junit-jupiter-params\5.7.0\junit-jupiter-params-5.7.0.jar;C:\Users\LENOVO\.m2\repository\org\junit\jupiter\junit-jupiter-engine\5.7.0\junit-jupiter-engine-5.7.0.jar;C:\Users\LENOVO\.m2\repository\org\junit\platform\junit-platform-engine\1.7.0\junit-platform-engine-1.7.0.jar;C:\Users\LENOVO\.m2\repository\org\mockito\mockito-core\3.6.28\mockito-core-3.6.28.jar;C:\Users\LENOVO\.m2\repository\net\bytebuddy\byte-buddy\1.10.19\byte-buddy-1.10.19.jar;C:\Users\LENOVO\.m2\repository\net\bytebuddy\byte-buddy-agent\1.10.19\byte-buddy-agent-1.10.19.jar;C:\Users\LENOVO\.m2\repository\org\objenesis\objenesis\3.1\objenesis-3.1.jar;C:\Users\LENOVO\.m2\repository\org\mockito\mockito-junit-jupiter\3.6.28\mockito-junit-jupiter-3.6.28.jar;C:\Users\LENOVO\.m2\repository\org\skyscreamer\jsonassert\1.5.0\jsonassert-1.5.0.jar;C:\Users\LENOVO\.m2\repository\com\vaadin\external\google\android-json\0.0.20131108.vaadin1\android-json-0.0.20131108.vaadin1.jar;C:\Users\LENOVO\.m2\repository\org\springframework\spring-core\5.3.3\spring-core-5.3.3.jar;C:\Users\LENOVO\.m2\repository\org\springframework\spring-jcl\5.3.3\spring-jcl-5.3.3.jar;C:\Users\LENOVO\.m2\repository\org\springframework\spring-test\5.3.3\spring-test-5.3.3.jar;C:\Users\LENOVO\.m2\repository\org\xmlunit\xmlunit-core\2.7.0\xmlunit-core-2.7.0.jar;"/>
    <property name="sun.cpu.endian" value="little"/>
    <property name="user.home" value="C:\Users\LENOVO"/>
    <property name="user.language" value="tr"/>
    <property name="java.specification.vendor" value="Oracle Corporation"/>
    <property name="java.version.date" value="2023-10-17"/>
    <property name="java.home" value="C:\Program Files\Eclipse Adoptium\jdk-11.0.21.9-hotspot"/>
    <property name="file.separator" value="\"/>
    <property name="basedir" value="C:\Users\LENOVO\Downloads\ulikeme\payqa-scaffolding-lib-parent\payqa-ulikme-job-scheduler"/>
    <property name="java.vm.compressedOopsMode" value="Zero based"/>
    <property name="line.separator" value="&#10;"/>
    <property name="java.specification.name" value="Java Platform API Specification"/>
    <property name="java.vm.specification.vendor" value="Oracle Corporation"/>
    <property name="java.awt.graphicsenv" value="sun.awt.Win32GraphicsEnvironment"/>
    <property name="surefire.real.class.path" value="C:\Users\LENOVO\AppData\Local\Temp\surefire17318990148635196595\surefirebooter5871144420252695066.jar"/>
    <property name="user.script" value=""/>
    <property name="sun.management.compiler" value="HotSpot 64-Bit Tiered Compilers"/>
    <property name="java.runtime.version" value="11.0.21+9"/>
    <property name="user.name" value="LENOVO"/>
    <property name="path.separator" value=";"/>
    <property name="os.version" value="10.0"/>
    <property name="java.runtime.name" value="OpenJDK Runtime Environment"/>
    <property name="file.encoding" value="Cp1254"/>
    <property name="java.vm.name" value="OpenJDK 64-Bit Server VM"/>
    <property name="java.vendor.version" value="Temurin-11.0.21+9"/>
    <property name="localRepository" value="C:\Users\LENOVO\.m2\repository"/>
    <property name="java.vendor.url.bug" value="https://github.com/adoptium/adoptium-support/issues"/>
    <property name="java.io.tmpdir" value="C:\Users\LENOVO\AppData\Local\Temp\"/>
    <property name="idea.version" value="2023.2.4"/>
    <property name="java.version" value="11.0.21"/>
    <property name="user.dir" value="C:\Users\LENOVO\Downloads\ulikeme\payqa-scaffolding-lib-parent\payqa-ulikme-job-scheduler"/>
    <property name="os.arch" value="amd64"/>
    <property name="java.vm.specification.name" value="Java Virtual Machine Specification"/>
    <property name="java.awt.printerjob" value="sun.awt.windows.WPrinterJob"/>
    <property name="sun.os.patch.level" value=""/>
    <property name="java.library.path" value="C:\Program Files\Eclipse Adoptium\jdk-11.0.21.9-hotspot\bin;C:\Windows\Sun\Java\bin;C:\Windows\system32;C:\Windows;C:\Program Files\Eclipse Adoptium\jdk-11.0.21.9-hotspot\bin;C:\Windows\system32;C:\Windows;C:\Windows\System32\Wbem;C:\Windows\System32\WindowsPowerShell\v1.0\;C:\Windows\System32\OpenSSH\;C:\Program Files\Git\cmd;C:\apache-maven-3.9.5\bin;C:\Program Files\Eclipse Adoptium\jdk-11.0.21.9-hotspot\bin;C:\Users\LENOVO\AppData\Local\Microsoft\WindowsApps;;C:\Program Files\JetBrains\IntelliJ IDEA Community Edition 2023.2.4\bin;;."/>
    <property name="java.vm.info" value="mixed mode"/>
    <property name="java.vendor" value="Eclipse Adoptium"/>
    <property name="java.vm.version" value="11.0.21+9"/>
    <property name="java.specification.maintenance.version" value="2"/>
    <property name="sun.io.unicode.encoding" value="UnicodeLittle"/>
    <property name="java.class.version" value="55.0"/>
  </properties>
  <testcase name="availableTimeZoneIds" classname="com.ulikme.scheduler.UtilTest" time="0.18"/>
</testsuite>